//img.imgsmail.ru/pm/1.0.13/build/inline.js:-78 portal-menu.inline.js: 73.044921875 ms
//img.imgsmail.ru/pm/1.0.13/build/external.js:1 toolbar update full width: 0.05615234375 ms
//img.imgsmail.ru/pm/1.0.13/build/external.js:1 toolbar update groups: 322.239990234375 ms
//img.imgsmail.ru/pm/1.0.13/build/external.js:1 toolbar reflow: 28.510009765625 ms
//img.imgsmail.ru/pm/1.0.13/build/external.js:1 toolbar update full width: 0.013916015625 ms
//img.imgsmail.ru/pm/1.0.13/build/external.js:1 toolbar update groups: 76.212158203125 ms
//img.imgsmail.ru/pm/1.0.13/build/external.js:1 toolbar reflow: 19.9150390625 ms
//img.imgsmail.ru/pm/1.0.13/build/external.js:1 toolbar draw: 541.098876953125 ms
//img.imgsmail.ru/pm/1.0.13/build/external.js:1 portal-menu.external.js: 642.5849609375 ms
DevTools failed to load source map: Could not load content for chrome-extension://mooikfkahbdckldjjndioackbalphokd/assets/atoms.js.map: HTTP error: status code 404, net::ERR_UNKNOWN_URL_SCHEME
DevTools failed to load source map: Could not load content for chrome-extension://mooikfkahbdckldjjndioackbalphokd/assets/polyfills.js.map: HTTP error: status code 404, net::ERR_UNKNOWN_URL_SCHEME
DevTools failed to load source map: Could not load content for chrome-extension://mooikfkahbdckldjjndioackbalphokd/assets/escape.js.map: HTTP error: status code 404, net::ERR_UNKNOWN_URL_SCHEME
DevTools failed to load source map: Could not load content for chrome-extension://mooikfkahbdckldjjndioackbalphokd/assets/playback.js.map: HTTP error: status code 404, net::ERR_UNKNOWN_URL_SCHEME
DevTools failed to load source map: Could not load content for https://horo.mail.ru/-/1_0_1/js/cmpld/common/promisifiedDomEvents.js.map: HTTP error: status code 403, net::ERR_HTTP_RESPONSE_CODE_FAILURE
DevTools failed to load source map: Could not load content for https://horo.mail.ru/-/7df07d23/js/cmpld/horo/web/head.js.map: HTTP error: status code 403, net::ERR_HTTP_RESPONSE_CODE_FAILURE
DevTools failed to load source map: Could not load content for chrome-extension://mooikfkahbdckldjjndioackbalphokd/assets/record.js.map: HTTP error: status code 404, net::ERR_UNKNOWN_URL_SCHEME
relap.js:3 duplicate relap.js found, exit...
(anonymous) @ relap.js:3
(anonymous) @ relap.js:3
(anonymous) @ relap.js:3
(anonymous) @ relap.js:3
(anonymous) @ relap.js:1
(anonymous) @ relap.js:1
DevTools failed to load source map: Could not load content for https://horo.mail.ru/-/1_0_1/js/cmpld/common/web/fast-slot.js.map: HTTP error: status code 403, net::ERR_HTTP_RESPONSE_CODE_FAILURE
DevTools failed to load source map: Could not load content for https://horo.mail.ru/-/77e9f6bd/js/cmpld/horo/web/common_base.js.map: HTTP error: status code 403, net::ERR_HTTP_RESPONSE_CODE_FAILURE
DevTools failed to load source map: Could not load content for https://horo.mail.ru/-/be1d9b95/js/cmpld/horo/web/common.js.map: HTTP error: status code 403, net::ERR_HTTP_RESPONSE_CODE_FAILURE
DevTools failed to load source map: Could not load content for https://horo.mail.ru/-/c7ec355e/js/cmpld/horo/web/page-prediction-index.js.map: HTTP error: status code 403, net::ERR_HTTP_RESPONSE_CODE_FAILURE
DevTools failed to load source map: Could not load content for chrome-extension://mooikfkahbdckldjjndioackbalphokd/assets/atoms.js.map: HTTP error: status code 404, net::ERR_UNKNOWN_URL_SCHEME
DevTools failed to load source map: Could not load content for chrome-extension://mooikfkahbdckldjjndioackbalphokd/assets/polyfills.js.map: HTTP error: status code 404, net::ERR_UNKNOWN_URL_SCHEME
DevTools failed to load source map: Could not load content for chrome-extension://mooikfkahbdckldjjndioackbalphokd/assets/escape.js.map: HTTP error: status code 404, net::ERR_UNKNOWN_URL_SCHEME
DevTools failed to load source map: Could not load content for chrome-extension://mooikfkahbdckldjjndioackbalphokd/assets/playback.js.map: HTTP error: status code 404, net::ERR_UNKNOWN_URL_SCHEME
DevTools failed to load source map: Could not load content for chrome-extension://mooikfkahbdckldjjndioackbalphokd/assets/record.js.map: HTTP error: status code 404, net::ERR_UNKNOWN_URL_SCHEME
DevTools failed to load source map: Could not load content for chrome-extension://mooikfkahbdckldjjndioackbalphokd/assets/atoms.js.map: HTTP error: status code 404, net::ERR_UNKNOWN_URL_SCHEME
DevTools failed to load source map: Could not load content for chrome-extension://mooikfkahbdckldjjndioackbalphokd/assets/polyfills.js.map: HTTP error: status code 404, net::ERR_UNKNOWN_URL_SCHEME
DevTools failed to load source map: Could not load content for chrome-extension://mooikfkahbdckldjjndioackbalphokd/assets/escape.js.map: HTTP error: status code 404, net::ERR_UNKNOWN_URL_SCHEME
DevTools failed to load source map: Could not load content for chrome-extension://mooikfkahbdckldjjndioackbalphokd/assets/playback.js.map: HTTP error: status code 404, net::ERR_UNKNOWN_URL_SCHEME
DevTools failed to load source map: Could not load content for chrome-extension://mooikfkahbdckldjjndioackbalphokd/assets/record.js.map: HTTP error: status code 404, net::ERR_UNKNOWN_URL_SCHEME
DevTools failed to load source map: Could not load content for chrome-extension://mooikfkahbdckldjjndioackbalphokd/assets/atoms.js.map: HTTP error: status code 404, net::ERR_UNKNOWN_URL_SCHEME
DevTools failed to load source map: Could not load content for chrome-extension://mooikfkahbdckldjjndioackbalphokd/assets/polyfills.js.map: HTTP error: status code 404, net::ERR_UNKNOWN_URL_SCHEME
DevTools failed to load source map: Could not load content for chrome-extension://mooikfkahbdckldjjndioackbalphokd/assets/escape.js.map: HTTP error: status code 404, net::ERR_UNKNOWN_URL_SCHEME
DevTools failed to load source map: Could not load content for chrome-extension://mooikfkahbdckldjjndioackbalphokd/assets/playback.js.map: HTTP error: status code 404, net::ERR_UNKNOWN_URL_SCHEME
DevTools failed to load source map: Could not load content for chrome-extension://mooikfkahbdckldjjndioackbalphokd/assets/record.js.map: HTTP error: status code 404, net::ERR_UNKNOWN_URL_SCHEME
DevTools failed to load source map: Could not load content for chrome-extension://mooikfkahbdckldjjndioackbalphokd/assets/atoms.js.map: HTTP error: status code 404, net::ERR_UNKNOWN_URL_SCHEME
DevTools failed to load source map: Could not load content for chrome-extension://mooikfkahbdckldjjndioackbalphokd/assets/polyfills.js.map: HTTP error: status code 404, net::ERR_UNKNOWN_URL_SCHEME
DevTools failed to load source map: Could not load content for chrome-extension://mooikfkahbdckldjjndioackbalphokd/assets/escape.js.map: HTTP error: status code 404, net::ERR_UNKNOWN_URL_SCHEME
DevTools failed to load source map: Could not load content for chrome-extension://mooikfkahbdckldjjndioackbalphokd/assets/playback.js.map: HTTP error: status code 404, net::ERR_UNKNOWN_URL_SCHEME
DevTools failed to load source map: Could not load content for chrome-extension://mooikfkahbdckldjjndioackbalphokd/assets/record.js.map: HTTP error: status code 404, net::ERR_UNKNOWN_URL_SCHEME
common.js:2 CONTAINER_IS_HIDDEN Container with id "yandex_ad_R-147024-142_326517617" is hidden
common.js:2 CONTAINER_IS_HIDDEN Container with id "yandex_ad_R-147024-146_341481409" is hidden
DevTools failed to load source map: Could not load content for chrome-extension://mooikfkahbdckldjjndioackbalphokd/assets/atoms.js.map: HTTP error: status code 404, net::ERR_UNKNOWN_URL_SCHEME
DevTools failed to load source map: Could not load content for chrome-extension://mooikfkahbdckldjjndioackbalphokd/assets/polyfills.js.map: HTTP error: status code 404, net::ERR_UNKNOWN_URL_SCHEME
DevTools failed to load source map: Could not load content for chrome-extension://mooikfkahbdckldjjndioackbalphokd/assets/escape.js.map: HTTP error: status code 404, net::ERR_UNKNOWN_URL_SCHEME
DevTools failed to load source map: Could not load content for chrome-extension://mooikfkahbdckldjjndioackbalphokd/assets/playback.js.map: HTTP error: status code 404, net::ERR_UNKNOWN_URL_SCHEME
DevTools failed to load source map: Could not load content for chrome-extension://mooikfkahbdckldjjndioackbalphokd/assets/record.js.map: HTTP error: status code 404, net::ERR_UNKNOWN_URL_SCHEME
common.js:2 POST https://an.yandex.ru/jstracer net::ERR_HTTP2_PROTOCOL_ERROR
(anonymous) @ common.js:2
(anonymous) @ common.js:2
e @ VM9716 context.js:1
e.logData @ VM9716 context.js:1
(anonymous) @ VM9716 context.js:1
t.logStraightCall @ VM9716 context.js:1
d @ VM9716 context.js:1
e.render @ VM9716 context.js:1
(anonymous) @ VM9716 context.js:1
(anonymous) @ VM9716 context.js:1
onContextReady @ VM9666:173
(anonymous) @ VM9716 context.js:1
(anonymous) @ VM9716 context.js:1
(anonymous) @ VM9716 context.js:1
(anonymous) @ VM9716 context.js:1
(anonymous) @ VM9716 context.js:1
i @ VM9716 context.js:1
(anonymous) @ VM9716 context.js:1
i @ VM9716 context.js:1
(anonymous) @ VM9716 context.js:1
(anonymous) @ VM9716 context.js:1
DevTools failed to load source map: Could not load content for chrome-extension://mooikfkahbdckldjjndioackbalphokd/assets/atoms.js.map: HTTP error: status code 404, net::ERR_UNKNOWN_URL_SCHEME
DevTools failed to load source map: Could not load content for chrome-extension://mooikfkahbdckldjjndioackbalphokd/assets/polyfills.js.map: HTTP error: status code 404, net::ERR_UNKNOWN_URL_SCHEME
DevTools failed to load source map: Could not load content for chrome-extension://mooikfkahbdckldjjndioackbalphokd/assets/escape.js.map: HTTP error: status code 404, net::ERR_UNKNOWN_URL_SCHEME
DevTools failed to load source map: Could not load content for chrome-extension://mooikfkahbdckldjjndioackbalphokd/assets/playback.js.map: HTTP error: status code 404, net::ERR_UNKNOWN_URL_SCHEME
DevTools failed to load source map: Could not load content for chrome-extension://mooikfkahbdckldjjndioackbalphokd/assets/record.js.map: HTTP error: status code 404, net::ERR_UNKNOWN_URL_SCHEME
common_core.d2465861cd177e0a434a.js:1 Uncaught (in promise) RelapWidgetError: Public Api Error: Can't add widget, cfg with id TbJNMvMz1znD14-P does not exist
    at Object.addWidget (common_core.d2465861cd177e0a434a.js:1:240377)
    at addWidget ((index):281:11)
    at (index):291:29
    at common_core.d2465861cd177e0a434a.js:1:215683
    at Array.forEach (<anonymous>)
    at n (common_core.d2465861cd177e0a434a.js:1:215670)
    at common_core.d2465861cd177e0a434a.js:1:215833
    at common_core.d2465861cd177e0a434a.js:1:215839
    at common_core.d2465861cd177e0a434a.js:1:32366
i @ common_core.d2465861cd177e0a434a.js:1
addWidget @ common_core.d2465861cd177e0a434a.js:1
addWidget @ (index):281
(anonymous) @ (index):291
(anonymous) @ common_core.d2465861cd177e0a434a.js:1
n @ common_core.d2465861cd177e0a434a.js:1
(anonymous) @ common_core.d2465861cd177e0a434a.js:1
(anonymous) @ common_core.d2465861cd177e0a434a.js:1
(anonymous) @ common_core.d2465861cd177e0a434a.js:1
Promise.then (async)
(anonymous) @ common_core.d2465861cd177e0a434a.js:1
Promise.then (async)
(anonymous) @ common_core.d2465861cd177e0a434a.js:1
71012 @ common_core.d2465861cd177e0a434a.js:1
t @ app_index.80ec3ad25784b5a058ba.js:1
Promise.then (async)
(anonymous) @ app_index.80ec3ad25784b5a058ba.js:1
(anonymous) @ app_index.80ec3ad25784b5a058ba.js:1
(anonymous) @ app_index.80ec3ad25784b5a058ba.js:1
(anonymous) @ app_index.80ec3ad25784b5a058ba.js:1
